=N:[UsageMeter (2026-03-05 01:40:51 Hora oficial do Brasil)] usage server initial connection
=N:[License] 
Licensed for Altair DSim Cloud.
=N:[License] New lease granted.
Analyzing...
Elaborating...
  Top-level modules:
    $unit
    Top_tb
  Found 6 unique specialization(s) of 6 design element(s).
=W:[MissingTimescale]:
    It is illegal for some design elements to have time specifications    
    while others don't.  A complete time specification includes           
    both a time unit and time precision.                                  

        Have complete time spec    Have no/incomplete time spec    

        Top_tb                     Logic_Block                     
                                   Top                             

Optimizing...
Building models...
PLI/VPI access: (none) 
Simulation time precision is 1ps.
Linking image.so...
Using default typical min/typ/max.
=S:Begin run-time elaboration and static initialization...
=N:Starting event scheduler...
t(ns) SW1 SW2 SW3 SW4 | LED1 LED2 LED3 LED4
10000   0   0   0   0  |   1    0    0    0
20000   0   1   0   1  |   1    1    0    1
30000   1   0   1   0  |   0    0    1    0
40000   1   1   0   0  |   1    1    0    0
50000   1   1   1   0  |   1    1    1    0
60000   1   0   0   1  |   1    0    0    1
=T:Simulation terminated by $finish at time 70000 (src\top_tb.v:72);
Run directory: C:\Users\Renat\Desktop\DRs\dr1\tp2\tp2_tang_nano_9k
  System timescale is 1ps / 1ps
  Altair DSim version: 2026.0.0 (b:R #c:127 h:14cc828913 os:msys2_)
  Random seed: (defaulted to 1)
