Reading netlist file: "\\wsl.localhost\Ubuntu\home\renato\faculdade\26.1-sistemasembarcados\drs\dr3\tp3\gowin\impl\gwsynthesis\tp3_arithmetic_core.vg"
Parsing netlist file "\\wsl.localhost\Ubuntu\home\renato\faculdade\26.1-sistemasembarcados\drs\dr3\tp3\gowin\impl\gwsynthesis\tp3_arithmetic_core.vg" completed
Processing netlist completed
Reading constraint file: "\\wsl.localhost\Ubuntu\home\renato\faculdade\26.1-sistemasembarcados\drs\dr3\tp3\gowin\src\tp3_arithmetic_core.cst"
Physical Constraint parsed completed
Running placement......
[10%] Placement Phase 0 completed
[20%] Placement Phase 1 completed
[30%] Placement Phase 2 completed
WARN  (TA1132) :  'sys_clk' was determined to be a clock but was not created.
[50%] Placement Phase 3 completed
Running routing......
[60%] Routing Phase 0 completed
[70%] Routing Phase 1 completed
[80%] Routing Phase 2 completed
[90%] Routing Phase 3 completed
Running timing analysis......
[95%] Timing analysis completed
Placement and routing completed
Bitstream generation in progress......
Bitstream generation completed
Running power analysis......
[100%] Power analysis completed
Generate file "\\wsl.localhost\Ubuntu\home\renato\faculdade\26.1-sistemasembarcados\drs\dr3\tp3\gowin\impl\pnr\tp3_arithmetic_core.power.html" completed
Generate file "\\wsl.localhost\Ubuntu\home\renato\faculdade\26.1-sistemasembarcados\drs\dr3\tp3\gowin\impl\pnr\tp3_arithmetic_core.pin.html" completed
Generate file "\\wsl.localhost\Ubuntu\home\renato\faculdade\26.1-sistemasembarcados\drs\dr3\tp3\gowin\impl\pnr\tp3_arithmetic_core.rpt.html" completed
Generate file "\\wsl.localhost\Ubuntu\home\renato\faculdade\26.1-sistemasembarcados\drs\dr3\tp3\gowin\impl\pnr\tp3_arithmetic_core.rpt.txt" completed
Generate file "\\wsl.localhost\Ubuntu\home\renato\faculdade\26.1-sistemasembarcados\drs\dr3\tp3\gowin\impl\pnr\tp3_arithmetic_core.tr.html" completed
Tue May 19 08:52:54 2026

