GowinSynthesis start
Running parser ...
Analyzing Verilog file '\\wsl.localhost\Ubuntu\home\renato\faculdade\26.1-sistemasembarcados\drs\dr3\tp3\gowin\src\int_unsigned_alu.v'
Analyzing Verilog file '\\wsl.localhost\Ubuntu\home\renato\faculdade\26.1-sistemasembarcados\drs\dr3\tp3\gowin\src\int_signed_alu.v'
Analyzing Verilog file '\\wsl.localhost\Ubuntu\home\renato\faculdade\26.1-sistemasembarcados\drs\dr3\tp3\gowin\src\fixed_q3_4_alu.v'
Analyzing Verilog file '\\wsl.localhost\Ubuntu\home\renato\faculdade\26.1-sistemasembarcados\drs\dr3\tp3\gowin\src\minifloat_e4m3_addsub.v'
Analyzing Verilog file '\\wsl.localhost\Ubuntu\home\renato\faculdade\26.1-sistemasembarcados\drs\dr3\tp3\gowin\src\arithmetic_core.v'
Analyzing Verilog file '\\wsl.localhost\Ubuntu\home\renato\faculdade\26.1-sistemasembarcados\drs\dr3\tp3\gowin\src\tp3_demo_vectors.v'
Analyzing Verilog file '\\wsl.localhost\Ubuntu\home\renato\faculdade\26.1-sistemasembarcados\drs\dr3\tp3\gowin\src\button_conditioner.v'
Analyzing Verilog file '\\wsl.localhost\Ubuntu\home\renato\faculdade\26.1-sistemasembarcados\drs\dr3\tp3\gowin\src\uart_tx.v'
Analyzing Verilog file '\\wsl.localhost\Ubuntu\home\renato\faculdade\26.1-sistemasembarcados\drs\dr3\tp3\gowin\src\tp3_demo_top.v'
Compiling module 'tp3_demo_top'("\\wsl.localhost\Ubuntu\home\renato\faculdade\26.1-sistemasembarcados\drs\dr3\tp3\gowin\src\tp3_demo_top.v":4)
Compiling module 'button_conditioner'("\\wsl.localhost\Ubuntu\home\renato\faculdade\26.1-sistemasembarcados\drs\dr3\tp3\gowin\src\button_conditioner.v":4)
Compiling module 'tp3_demo_vectors'("\\wsl.localhost\Ubuntu\home\renato\faculdade\26.1-sistemasembarcados\drs\dr3\tp3\gowin\src\tp3_demo_vectors.v":4)
Compiling module 'arithmetic_core'("\\wsl.localhost\Ubuntu\home\renato\faculdade\26.1-sistemasembarcados\drs\dr3\tp3\gowin\src\arithmetic_core.v":4)
Compiling module 'int_unsigned_alu'("\\wsl.localhost\Ubuntu\home\renato\faculdade\26.1-sistemasembarcados\drs\dr3\tp3\gowin\src\int_unsigned_alu.v":4)
Compiling module 'int_signed_alu'("\\wsl.localhost\Ubuntu\home\renato\faculdade\26.1-sistemasembarcados\drs\dr3\tp3\gowin\src\int_signed_alu.v":4)
Compiling module 'fixed_q3_4_alu'("\\wsl.localhost\Ubuntu\home\renato\faculdade\26.1-sistemasembarcados\drs\dr3\tp3\gowin\src\fixed_q3_4_alu.v":4)
Compiling module 'minifloat_e4m3_addsub'("\\wsl.localhost\Ubuntu\home\renato\faculdade\26.1-sistemasembarcados\drs\dr3\tp3\gowin\src\minifloat_e4m3_addsub.v":4)
Compiling module 'uart_tx'("\\wsl.localhost\Ubuntu\home\renato\faculdade\26.1-sistemasembarcados\drs\dr3\tp3\gowin\src\uart_tx.v":4)
NOTE  (EX0101) : Current top module is "tp3_demo_top"
[5%] Running netlist conversion ...
Running device independent optimization ...
[10%] Optimizing Phase 0 completed
[15%] Optimizing Phase 1 completed
[25%] Optimizing Phase 2 completed
Running inference ...
[30%] Inferring Phase 0 completed
[40%] Inferring Phase 1 completed
[50%] Inferring Phase 2 completed
[55%] Inferring Phase 3 completed
Running technical mapping ...
[60%] Tech-Mapping Phase 0 completed
[65%] Tech-Mapping Phase 1 completed
[75%] Tech-Mapping Phase 2 completed
[80%] Tech-Mapping Phase 3 completed
[90%] Tech-Mapping Phase 4 completed
[95%] Generate netlist file "\\wsl.localhost\Ubuntu\home\renato\faculdade\26.1-sistemasembarcados\drs\dr3\tp3\gowin\impl\gwsynthesis\tp3_arithmetic_core.vg" completed
[100%] Generate report file "\\wsl.localhost\Ubuntu\home\renato\faculdade\26.1-sistemasembarcados\drs\dr3\tp3\gowin\impl\gwsynthesis\tp3_arithmetic_core_syn.rpt.html" completed
GowinSynthesis finish
