Reading netlist file: "U:\home\renato\faculdade\26.1-sistemasembarcados\drs\dr1\tp3\dr1_tp3\impl\gwsynthesis\dr1_tp3.vg"
Parsing netlist file "U:\home\renato\faculdade\26.1-sistemasembarcados\drs\dr1\tp3\dr1_tp3\impl\gwsynthesis\dr1_tp3.vg" completed
Processing netlist completed
Reading constraint file: "U:\home\renato\faculdade\26.1-sistemasembarcados\drs\dr1\tp3\dr1_tp3\src\constraints.cst"
Physical Constraint parsed completed
Running placement......
[10%] Placement Phase 0 completed
[20%] Placement Phase 1 completed
[30%] Placement Phase 2 completed
WARN  (TA1132) :  'clk' was determined to be a clock but was not created.
WARN  (TA1132) :  'inc_pulse' was determined to be a clock but was not created.
[50%] Placement Phase 3 completed
Running routing......
[60%] Routing Phase 0 completed
[70%] Routing Phase 1 completed
[80%] Routing Phase 2 completed
[90%] Routing Phase 3 completed
Running timing analysis......
[95%] Timing analysis completed
Placement and routing completed
Bitstream generation in progress......
Bitstream generation completed
Running power analysis......
[100%] Power analysis completed
Generate file "U:\home\renato\faculdade\26.1-sistemasembarcados\drs\dr1\tp3\dr1_tp3\impl\pnr\dr1_tp3.power.html" completed
Generate file "U:\home\renato\faculdade\26.1-sistemasembarcados\drs\dr1\tp3\dr1_tp3\impl\pnr\dr1_tp3.pin.html" completed
Generate file "U:\home\renato\faculdade\26.1-sistemasembarcados\drs\dr1\tp3\dr1_tp3\impl\pnr\dr1_tp3.rpt.html" completed
Generate file "U:\home\renato\faculdade\26.1-sistemasembarcados\drs\dr1\tp3\dr1_tp3\impl\pnr\dr1_tp3.rpt.txt" completed
Generate file "U:\home\renato\faculdade\26.1-sistemasembarcados\drs\dr1\tp3\dr1_tp3\impl\pnr\dr1_tp3.tr.html" completed
Sat Mar 14 18:18:36 2026

