GowinSynthesis start
Running parser ...
Analyzing Verilog file 'U:\home\renato\faculdade\26.1-sistemasembarcados\drs\dr1\tp3\dr1_tp3\src\comb_logic.v'
Analyzing Verilog file 'U:\home\renato\faculdade\26.1-sistemasembarcados\drs\dr1\tp3\dr1_tp3\src\counter2bit.v'
Analyzing Verilog file 'U:\home\renato\faculdade\26.1-sistemasembarcados\drs\dr1\tp3\dr1_tp3\src\mux2to1.v'
Analyzing Verilog file 'U:\home\renato\faculdade\26.1-sistemasembarcados\drs\dr1\tp3\dr1_tp3\src\reg1.v'
Analyzing Verilog file 'U:\home\renato\faculdade\26.1-sistemasembarcados\drs\dr1\tp3\dr1_tp3\src\top.v'
Compiling module 'top'("U:\home\renato\faculdade\26.1-sistemasembarcados\drs\dr1\tp3\dr1_tp3\src\top.v":8)
Compiling module 'Counter2bit'("U:\home\renato\faculdade\26.1-sistemasembarcados\drs\dr1\tp3\dr1_tp3\src\counter2bit.v":5)
Compiling module 'Reg1'("U:\home\renato\faculdade\26.1-sistemasembarcados\drs\dr1\tp3\dr1_tp3\src\reg1.v":5)
NOTE  (EX0101) : Current top module is "top"
[5%] Running netlist conversion ...
Running device independent optimization ...
[10%] Optimizing Phase 0 completed
[15%] Optimizing Phase 1 completed
[25%] Optimizing Phase 2 completed
Running inference ...
[30%] Inferring Phase 0 completed
[40%] Inferring Phase 1 completed
[50%] Inferring Phase 2 completed
[55%] Inferring Phase 3 completed
Running technical mapping ...
[60%] Tech-Mapping Phase 0 completed
[65%] Tech-Mapping Phase 1 completed
[75%] Tech-Mapping Phase 2 completed
[80%] Tech-Mapping Phase 3 completed
[90%] Tech-Mapping Phase 4 completed
[95%] Generate netlist file "U:\home\renato\faculdade\26.1-sistemasembarcados\drs\dr1\tp3\dr1_tp3\impl\gwsynthesis\dr1_tp3.vg" completed
[100%] Generate report file "U:\home\renato\faculdade\26.1-sistemasembarcados\drs\dr1\tp3\dr1_tp3\impl\gwsynthesis\dr1_tp3_syn.rpt.html" completed
GowinSynthesis finish
