VCD info: dumpfile sim/build/tb_arithmetic_core.vcd opened for output.
PASS: mode=0 op=0 case=0 result=11 flags=00
PASS: mode=0 op=0 case=1 result=04 flags=01
PASS: mode=0 op=0 case=2 result=00 flags=00
PASS: mode=0 op=0 case=3 result=ff flags=00
PASS: mode=0 op=1 case=0 result=07 flags=00
PASS: mode=0 op=1 case=1 result=f9 flags=02
PASS: mode=0 op=1 case=2 result=ff flags=02
PASS: mode=0 op=1 case=3 result=fe flags=00
PASS: mode=0 op=2 case=0 result=3c flags=00
PASS: mode=0 op=2 case=1 result=90 flags=01
PASS: mode=0 op=2 case=2 result=00 flags=01
PASS: mode=0 op=2 case=3 result=0c flags=00
PASS: mode=0 op=3 case=0 result=04 flags=00
PASS: mode=0 op=3 case=1 result=00 flags=04
PASS: mode=0 op=3 case=2 result=03 flags=20
PASS: mode=0 op=3 case=3 result=0f flags=20
PASS: mode=1 op=0 case=0 result=0f flags=00
PASS: mode=1 op=0 case=1 result=8c flags=01
PASS: mode=1 op=0 case=2 result=7e flags=02
PASS: mode=1 op=0 case=3 result=fe flags=00
PASS: mode=1 op=1 case=0 result=05 flags=00
PASS: mode=1 op=1 case=1 result=74 flags=02
PASS: mode=1 op=1 case=2 result=8c flags=01
PASS: mode=1 op=1 case=3 result=fe flags=00
PASS: mode=1 op=2 case=0 result=e8 flags=00
PASS: mode=1 op=2 case=1 result=fa flags=01
PASS: mode=1 op=2 case=2 result=4c flags=02
PASS: mode=1 op=2 case=3 result=40 flags=00
PASS: mode=1 op=3 case=0 result=fc flags=00
PASS: mode=1 op=3 case=1 result=00 flags=04
PASS: mode=1 op=3 case=2 result=03 flags=20
PASS: mode=1 op=3 case=3 result=fd flags=20
PASS: mode=2 op=0 case=0 result=20 flags=00
PASS: mode=2 op=0 case=1 result=7f flags=09
PASS: mode=2 op=0 case=2 result=80 flags=0a
PASS: mode=2 op=0 case=3 result=05 flags=00
PASS: mode=2 op=1 case=0 result=10 flags=00
PASS: mode=2 op=1 case=1 result=80 flags=0a
PASS: mode=2 op=1 case=2 result=7f flags=09
PASS: mode=2 op=1 case=3 result=fc flags=00
PASS: mode=2 op=2 case=0 result=0c flags=00
PASS: mode=2 op=2 case=1 result=7f flags=09
PASS: mode=2 op=2 case=2 result=80 flags=0a
PASS: mode=2 op=2 case=3 result=01 flags=20
PASS: mode=2 op=3 case=0 result=30 flags=00
PASS: mode=2 op=3 case=1 result=00 flags=04
PASS: mode=2 op=3 case=2 result=05 flags=20
PASS: mode=2 op=3 case=3 result=80 flags=0a
PASS: mode=3 op=0 case=0 result=3c flags=00
PASS: mode=3 op=0 case=1 result=78 flags=01
PASS: mode=3 op=0 case=2 result=00 flags=00
PASS: mode=3 op=0 case=3 result=00 flags=22
PASS: mode=3 op=1 case=0 result=30 flags=00
PASS: mode=3 op=1 case=1 result=b0 flags=00
PASS: mode=3 op=1 case=2 result=78 flags=01
PASS: mode=3 op=1 case=3 result=00 flags=22
PASS: mode=3 op=2 case=0 result=00 flags=10
PASS: mode=3 op=2 case=1 result=00 flags=10
PASS: mode=3 op=2 case=2 result=00 flags=10
PASS: mode=3 op=2 case=3 result=00 flags=10
PASS: mode=3 op=3 case=0 result=00 flags=10
PASS: mode=3 op=3 case=1 result=00 flags=10
PASS: mode=3 op=3 case=2 result=00 flags=10
PASS: mode=3 op=3 case=3 result=00 flags=10
ALL TESTS PASSED
